<?xml version="1.0" encoding="UTF-8"?>
<!-- Generated by org.testng.reporters.JUnitXMLReporter -->
<testsuite ignored="0" hostname="DESKTOP-4F1QV6P" failures="0" tests="2" name="HomePageTest" time="10.891" errors="0" timestamp="2026-06-29T04:46:55 GST">
  <testcase classname="com.qa.LinkedInJob.tests.HomePageTest" name="clickSearchBoxTest" time="0.0">
    <skipped/>
  </testcase> <!-- clickSearchBoxTest -->
  <testcase classname="com.qa.LinkedInJob.tests.HomePageTest" name="getHomePageUrlTest" time="0.0">
    <skipped/>
  </testcase> <!-- getHomePageUrlTest -->
</testsuite> <!-- HomePageTest -->
