<?xml version="1.0" encoding="UTF-8"?>
<!-- Generated by org.testng.reporters.JUnitXMLReporter -->
<testsuite ignored="0" hostname="DESKTOP-4F1QV6P" failures="0" tests="6" name="JobsSearchPageTest" time="364.403" errors="0" timestamp="2026-07-04T19:00:39 GST">
  <testcase classname="com.qa.LinkedInJob.tests.JobsSearchPageTest" name="TBD" time="7.123"/>
  <testcase classname="com.qa.LinkedInJob.tests.JobsSearchPageTest" name="getJobsSearchPageUrlTest" time="1.845"/>
  <testcase classname="com.qa.LinkedInJob.tests.JobsSearchPageTest" name="doSearchTest" time="26.258"/>
  <testcase classname="com.qa.LinkedInJob.tests.JobsSearchPageTest" name="doSearchTest" time="8.576"/>
  <testcase classname="com.qa.LinkedInJob.tests.JobsSearchPageTest" name="TBDExcel" time="2.187"/>
  <testcase classname="com.qa.LinkedInJob.tests.JobEmailAlertTest" name="TestTBD" time="4.518"/>
</testsuite> <!-- JobsSearchPageTest -->
