<?xml version="1.0" encoding="UTF-8"?>
<!-- Generated by org.testng.reporters.JUnitXMLReporter -->
<testsuite ignored="0" hostname="DESKTOP-4F1QV6P" failures="0" tests="6" name="JobsSearchPageTest" time="282.636" errors="0" timestamp="2026-07-04T14:27:49 GST">
  <testcase classname="com.qa.LinkedInJob.tests.JobsSearchPageTest" name="TBD" time="9.719"/>
  <testcase classname="com.qa.LinkedInJob.tests.JobsSearchPageTest" name="getJobsSearchPageUrlTest" time="0.4"/>
  <testcase classname="com.qa.LinkedInJob.tests.JobsSearchPageTest" name="doSearchTest" time="4.969"/>
  <testcase classname="com.qa.LinkedInJob.tests.JobsSearchPageTest" name="doSearchTest" time="2.965"/>
  <testcase classname="com.qa.LinkedInJob.tests.JobsSearchPageTest" name="TBDExcel" time="2.091"/>
  <testcase classname="com.qa.LinkedInJob.tests.JobEmailAlertTest" name="TestTBD" time="3.272"/>
</testsuite> <!-- JobsSearchPageTest -->
