<?xml version="1.0" encoding="UTF-8"?>
<!-- Generated by org.testng.reporters.JUnitXMLReporter -->
<testsuite ignored="2" hostname="DESKTOP-4F1QV6P" failures="1" tests="5" name="Test" time="10.115" errors="0" timestamp="2026-06-10T12:44:30 GST">
  <testcase classname="com.qa.LinkedInJob.tests.HomePageTest" name="@BeforeClass setUpHomePage" time="0.001">
    <failure type="java.lang.NullPointerException" message="Cannot invoke &amp;quot;com.qa.LinkedInJob.pages.LoginPage.NavigationToHomePage()&amp;quot; because &amp;quot;this.loginPage&amp;quot; is null">
      <![CDATA[java.lang.NullPointerException: Cannot invoke "com.qa.LinkedInJob.pages.LoginPage.NavigationToHomePage()" because "this.loginPage" is null
at com.qa.LinkedInJob.tests.HomePageTest.setUpHomePage(HomePageTest.java:14)
at java.base/java.util.ArrayList.forEach(ArrayList.java:1596)
... Removed 23 stack frames]]>
    </failure>
  </testcase> <!-- @BeforeClass setUpHomePage -->
  <testcase classname="com.qa.LinkedInJob.tests.LoginPageTest" name="getLoginPageTitleTest" time="1.8"/>
  <testcase classname="com.qa.LinkedInJob.tests.LoginPageTest" name="getLoginPageUrlTest" time="0.78"/>
  <testcase classname="com.qa.LinkedInJob.tests.LoginPageTest" name="loginTest" time="0.697"/>
  <testcase classname="com.qa.LinkedInJob.tests.LoginPageTest" name="NavigationToHomePageTest" time="0.01">
    <failure type="java.lang.NullPointerException" message="Cannot invoke &amp;quot;com.qa.LinkedInJob.pages.HomePage.isShareBoxExist()&amp;quot; because &amp;quot;this.homePage&amp;quot; is null">
      <![CDATA[java.lang.NullPointerException: Cannot invoke "com.qa.LinkedInJob.pages.HomePage.isShareBoxExist()" because "this.homePage" is null
at com.qa.LinkedInJob.tests.LoginPageTest.NavigationToHomePageTest(LoginPageTest.java:30)
at java.base/java.util.ArrayList.forEach(ArrayList.java:1596)
... Removed 25 stack frames]]>
    </failure>
  </testcase> <!-- NavigationToHomePageTest -->
  <testcase classname="com.qa.LinkedInJob.tests.HomePageTest" name="getHomePageUrlTest" time="0.0">
    <skipped/>
  </testcase> <!-- getHomePageUrlTest -->
  <testcase classname="com.qa.LinkedInJob.base.BaseTest" name="@BeforeTest setup" time="0.0">
    <ignored/>
  </testcase> <!-- @BeforeTest setup -->
  <testcase classname="com.qa.LinkedInJob.base.BaseTest" name="@AfterTest tearDown" time="0.0">
    <ignored/>
  </testcase> <!-- @AfterTest tearDown -->
</testsuite> <!-- Test -->
