<?xml version="1.0" encoding="UTF-8"?>
<!-- Generated by org.testng.reporters.JUnitXMLReporter -->
<testsuite ignored="0" hostname="DESKTOP-4F1QV6P" failures="1" tests="3" name="Test1" time="64.764" errors="0" timestamp="2026-06-10T17:57:47 GST">
  <testcase classname="com.qa.LinkedInJob.tests.LoginPageTest" name="getLoginPageTitleTest" time="3.102"/>
  <testcase classname="com.qa.LinkedInJob.tests.LoginPageTest" name="getLoginPageUrlTest" time="0.851"/>
  <testcase classname="com.qa.LinkedInJob.tests.LoginPageTest" name="loginTest" time="50.642">
    <failure type="java.lang.NullPointerException" message="Cannot invoke &amp;quot;com.qa.LinkedInJob.pages.HomePage.isShareBoxExist()&amp;quot; because &amp;quot;this.homePage&amp;quot; is null">
      <![CDATA[java.lang.NullPointerException: Cannot invoke "com.qa.LinkedInJob.pages.HomePage.isShareBoxExist()" because "this.homePage" is null
at com.qa.LinkedInJob.tests.LoginPageTest.loginTest(LoginPageTest.java:28)
at java.base/java.util.ArrayList.forEach(ArrayList.java:1596)
... Removed 25 stack frames]]>
    </failure>
  </testcase> <!-- loginTest -->
</testsuite> <!-- Test1 -->
