<?xml version="1.0" encoding="UTF-8"?>
<testng-results ignored="0" total="6" passed="6" failed="0" skipped="0">
  <reporter-output>
  </reporter-output>
  <suite started-at="2026-07-04T18:54:35 GST" name="Suite" finished-at="2026-07-04T19:00:39 GST" duration-ms="364403">
    <groups>
      <group name="extractLastJobs">
        <method signature="JobsSearchPageTest.TBDExcel()[pri:0, instance:com.qa.LinkedInJob.tests.JobsSearchPageTest@6ed3ccb2]" name="TBDExcel" class="com.qa.LinkedInJob.tests.JobsSearchPageTest"/>
      </group> <!-- extractLastJobs -->
    </groups>
    <test started-at="2026-07-04T18:54:35 GST" name="JobsSearchPageTest" finished-at="2026-07-04T19:00:39 GST" duration-ms="364403">
      <class name="com.qa.LinkedInJob.tests.JobsSearchPageTest">
        <test-method is-config="true" signature="setup(java.lang.String)[pri:0, instance:com.qa.LinkedInJob.tests.JobsSearchPageTest@6ed3ccb2]" started-at="2026-07-04T18:54:35 GST" name="setup" finished-at="2026-07-04T18:54:40 GST" duration-ms="5281" status="PASS">
          <params>
            <param index="0">
              <value>
                <![CDATA[chrome]]>
              </value>
            </param>
          </params>
          <reporter-output>
          </reporter-output>
        </test-method> <!-- setup -->
        <test-method is-config="true" signature="JobsSearchPageSetUp()[pri:0, instance:com.qa.LinkedInJob.tests.JobsSearchPageTest@6ed3ccb2]" started-at="2026-07-04T18:54:40 GST" name="JobsSearchPageSetUp" finished-at="2026-07-04T18:55:22 GST" duration-ms="42648" status="PASS">
          <reporter-output>
          </reporter-output>
        </test-method> <!-- JobsSearchPageSetUp -->
        <test-method signature="TBD()[pri:0, instance:com.qa.LinkedInJob.tests.JobsSearchPageTest@6ed3ccb2]" started-at="2026-07-04T18:55:23 GST" name="TBD" finished-at="2026-07-04T18:55:30 GST" duration-ms="7123" status="PASS">
          <reporter-output>
          </reporter-output>
        </test-method> <!-- TBD -->
        <test-method is-config="true" signature="getjobsInformationTest(java.lang.reflect.Method)[pri:0, instance:com.qa.LinkedInJob.tests.JobsSearchPageTest@6ed3ccb2]" started-at="2026-07-04T18:55:30 GST" name="getjobsInformationTest" finished-at="2026-07-04T18:55:30 GST" duration-ms="7" status="PASS">
          <params>
            <param index="0">
              <value>
                <![CDATA[public void com.qa.LinkedInJob.tests.JobsSearchPageTest.TBD()]]>
              </value>
            </param>
          </params>
          <reporter-output>
          </reporter-output>
        </test-method> <!-- getjobsInformationTest -->
        <test-method signature="getJobsSearchPageUrlTest()[pri:0, instance:com.qa.LinkedInJob.tests.JobsSearchPageTest@6ed3ccb2]" started-at="2026-07-04T18:55:30 GST" name="getJobsSearchPageUrlTest" finished-at="2026-07-04T18:55:32 GST" duration-ms="1845" status="PASS">
          <reporter-output>
          </reporter-output>
        </test-method> <!-- getJobsSearchPageUrlTest -->
        <test-method is-config="true" signature="getjobsInformationTest(java.lang.reflect.Method)[pri:0, instance:com.qa.LinkedInJob.tests.JobsSearchPageTest@6ed3ccb2]" started-at="2026-07-04T18:55:32 GST" name="getjobsInformationTest" finished-at="2026-07-04T18:55:32 GST" duration-ms="1" status="PASS">
          <params>
            <param index="0">
              <value>
                <![CDATA[public void com.qa.LinkedInJob.tests.JobsSearchPageTest.getJobsSearchPageUrlTest()]]>
              </value>
            </param>
          </params>
          <reporter-output>
          </reporter-output>
        </test-method> <!-- getjobsInformationTest -->
        <test-method signature="doSearchTest(java.lang.String,java.lang.String)[pri:0, instance:com.qa.LinkedInJob.tests.JobsSearchPageTest@6ed3ccb2]" started-at="2026-07-04T18:55:35 GST" name="doSearchTest" data-provider="getJobDataFromSheet" finished-at="2026-07-04T18:56:01 GST" depends-on-methods="com.qa.LinkedInJob.tests.JobsSearchPageTest.TBD" duration-ms="26258" status="PASS">
          <params>
            <param index="0">
              <value>
                <![CDATA[Manual QA]]>
              </value>
            </param>
            <param index="1">
              <value>
                <![CDATA[United Arab Emirates]]>
              </value>
            </param>
          </params>
          <reporter-output>
          </reporter-output>
        </test-method> <!-- doSearchTest -->
        <test-method is-config="true" signature="getjobsInformationTest(java.lang.reflect.Method)[pri:0, instance:com.qa.LinkedInJob.tests.JobsSearchPageTest@6ed3ccb2]" started-at="2026-07-04T18:56:01 GST" name="getjobsInformationTest" finished-at="2026-07-04T18:59:02 GST" duration-ms="180557" status="PASS">
          <params>
            <param index="0">
              <value>
                <![CDATA[public void com.qa.LinkedInJob.tests.JobsSearchPageTest.doSearchTest(java.lang.String,java.lang.String)]]>
              </value>
            </param>
          </params>
          <reporter-output>
          </reporter-output>
        </test-method> <!-- getjobsInformationTest -->
        <test-method signature="doSearchTest(java.lang.String,java.lang.String)[pri:0, instance:com.qa.LinkedInJob.tests.JobsSearchPageTest@6ed3ccb2]" started-at="2026-07-04T18:59:02 GST" name="doSearchTest" data-provider="getJobDataFromSheet" finished-at="2026-07-04T18:59:11 GST" depends-on-methods="com.qa.LinkedInJob.tests.JobsSearchPageTest.TBD" duration-ms="8576" status="PASS">
          <params>
            <param index="0">
              <value>
                <![CDATA[Software Test Engineer]]>
              </value>
            </param>
            <param index="1">
              <value>
                <![CDATA[United Arab Emirates]]>
              </value>
            </param>
          </params>
          <reporter-output>
          </reporter-output>
        </test-method> <!-- doSearchTest -->
        <test-method is-config="true" signature="getjobsInformationTest(java.lang.reflect.Method)[pri:0, instance:com.qa.LinkedInJob.tests.JobsSearchPageTest@6ed3ccb2]" started-at="2026-07-04T18:59:11 GST" name="getjobsInformationTest" finished-at="2026-07-04T19:00:32 GST" duration-ms="81648" status="PASS">
          <params>
            <param index="0">
              <value>
                <![CDATA[public void com.qa.LinkedInJob.tests.JobsSearchPageTest.doSearchTest(java.lang.String,java.lang.String)]]>
              </value>
            </param>
          </params>
          <reporter-output>
          </reporter-output>
        </test-method> <!-- getjobsInformationTest -->
        <test-method signature="TBDExcel()[pri:0, instance:com.qa.LinkedInJob.tests.JobsSearchPageTest@6ed3ccb2]" started-at="2026-07-04T19:00:32 GST" name="TBDExcel" finished-at="2026-07-04T19:00:34 GST" depends-on-methods="com.qa.LinkedInJob.tests.JobsSearchPageTest.doSearchTest" duration-ms="2187" status="PASS">
          <reporter-output>
          </reporter-output>
        </test-method> <!-- TBDExcel -->
        <test-method is-config="true" signature="getjobsInformationTest(java.lang.reflect.Method)[pri:0, instance:com.qa.LinkedInJob.tests.JobsSearchPageTest@6ed3ccb2]" started-at="2026-07-04T19:00:34 GST" name="getjobsInformationTest" finished-at="2026-07-04T19:00:34 GST" duration-ms="4" status="PASS">
          <params>
            <param index="0">
              <value>
                <![CDATA[public void com.qa.LinkedInJob.tests.JobsSearchPageTest.TBDExcel()]]>
              </value>
            </param>
          </params>
          <reporter-output>
          </reporter-output>
        </test-method> <!-- getjobsInformationTest -->
        <test-method is-config="true" signature="tearDown()[pri:0, instance:com.qa.LinkedInJob.tests.JobsSearchPageTest@6ed3ccb2]" started-at="2026-07-04T19:00:39 GST" name="tearDown" finished-at="2026-07-04T19:00:39 GST" duration-ms="1" status="PASS">
          <reporter-output>
          </reporter-output>
        </test-method> <!-- tearDown -->
      </class> <!-- com.qa.LinkedInJob.tests.JobsSearchPageTest -->
      <class name="com.qa.LinkedInJob.tests.JobEmailAlertTest">
        <test-method signature="TestTBD()[pri:0, instance:com.qa.LinkedInJob.tests.JobEmailAlertTest@7c6908d7]" started-at="2026-07-04T19:00:34 GST" name="TestTBD" depends-on-groups="extractLastJobs" finished-at="2026-07-04T19:00:39 GST" duration-ms="4518" status="PASS">
          <reporter-output>
          </reporter-output>
        </test-method> <!-- TestTBD -->
      </class> <!-- com.qa.LinkedInJob.tests.JobEmailAlertTest -->
    </test> <!-- JobsSearchPageTest -->
  </suite> <!-- Suite -->
</testng-results>
