<?xml version="1.0" encoding="UTF-8"?>
<testng-results ignored="0" total="6" passed="6" failed="0" skipped="0">
  <reporter-output>
  </reporter-output>
  <suite started-at="2026-07-04T14:23:06 GST" name="Suite" finished-at="2026-07-04T14:27:49 GST" duration-ms="282636">
    <groups>
      <group name="extractLastJobs">
        <method signature="JobsSearchPageTest.TBDExcel()[pri:0, instance:com.qa.LinkedInJob.tests.JobsSearchPageTest@6ed3ccb2]" name="TBDExcel" class="com.qa.LinkedInJob.tests.JobsSearchPageTest"/>
      </group> <!-- extractLastJobs -->
    </groups>
    <test started-at="2026-07-04T14:23:06 GST" name="JobsSearchPageTest" finished-at="2026-07-04T14:27:49 GST" duration-ms="282636">
      <class name="com.qa.LinkedInJob.tests.JobsSearchPageTest">
        <test-method is-config="true" signature="setup(java.lang.String)[pri:0, instance:com.qa.LinkedInJob.tests.JobsSearchPageTest@6ed3ccb2]" started-at="2026-07-04T14:23:06 GST" name="setup" finished-at="2026-07-04T14:23:11 GST" duration-ms="5071" status="PASS">
          <params>
            <param index="0">
              <value>
                <![CDATA[chrome]]>
              </value>
            </param>
          </params>
          <reporter-output>
          </reporter-output>
        </test-method> <!-- setup -->
        <test-method is-config="true" signature="JobsSearchPageSetUp()[pri:0, instance:com.qa.LinkedInJob.tests.JobsSearchPageTest@6ed3ccb2]" started-at="2026-07-04T14:23:11 GST" name="JobsSearchPageSetUp" finished-at="2026-07-04T14:23:43 GST" duration-ms="32394" status="PASS">
          <reporter-output>
          </reporter-output>
        </test-method> <!-- JobsSearchPageSetUp -->
        <test-method signature="TBD()[pri:0, instance:com.qa.LinkedInJob.tests.JobsSearchPageTest@6ed3ccb2]" started-at="2026-07-04T14:23:43 GST" name="TBD" finished-at="2026-07-04T14:23:53 GST" duration-ms="9719" status="PASS">
          <reporter-output>
          </reporter-output>
        </test-method> <!-- TBD -->
        <test-method is-config="true" signature="getjobsInformationTest(java.lang.reflect.Method)[pri:0, instance:com.qa.LinkedInJob.tests.JobsSearchPageTest@6ed3ccb2]" started-at="2026-07-04T14:23:53 GST" name="getjobsInformationTest" finished-at="2026-07-04T14:23:53 GST" duration-ms="12" status="PASS">
          <params>
            <param index="0">
              <value>
                <![CDATA[public void com.qa.LinkedInJob.tests.JobsSearchPageTest.TBD()]]>
              </value>
            </param>
          </params>
          <reporter-output>
          </reporter-output>
        </test-method> <!-- getjobsInformationTest -->
        <test-method signature="getJobsSearchPageUrlTest()[pri:0, instance:com.qa.LinkedInJob.tests.JobsSearchPageTest@6ed3ccb2]" started-at="2026-07-04T14:23:53 GST" name="getJobsSearchPageUrlTest" finished-at="2026-07-04T14:23:54 GST" duration-ms="400" status="PASS">
          <reporter-output>
          </reporter-output>
        </test-method> <!-- getJobsSearchPageUrlTest -->
        <test-method is-config="true" signature="getjobsInformationTest(java.lang.reflect.Method)[pri:0, instance:com.qa.LinkedInJob.tests.JobsSearchPageTest@6ed3ccb2]" started-at="2026-07-04T14:23:54 GST" name="getjobsInformationTest" finished-at="2026-07-04T14:23:54 GST" duration-ms="1" status="PASS">
          <params>
            <param index="0">
              <value>
                <![CDATA[public void com.qa.LinkedInJob.tests.JobsSearchPageTest.getJobsSearchPageUrlTest()]]>
              </value>
            </param>
          </params>
          <reporter-output>
          </reporter-output>
        </test-method> <!-- getjobsInformationTest -->
        <test-method signature="doSearchTest(java.lang.String,java.lang.String)[pri:0, instance:com.qa.LinkedInJob.tests.JobsSearchPageTest@6ed3ccb2]" started-at="2026-07-04T14:23:55 GST" name="doSearchTest" data-provider="getJobDataFromSheet" finished-at="2026-07-04T14:24:00 GST" depends-on-methods="com.qa.LinkedInJob.tests.JobsSearchPageTest.TBD" duration-ms="4969" status="PASS">
          <params>
            <param index="0">
              <value>
                <![CDATA[Manual QA]]>
              </value>
            </param>
            <param index="1">
              <value>
                <![CDATA[United Arab Emirates]]>
              </value>
            </param>
          </params>
          <reporter-output>
          </reporter-output>
        </test-method> <!-- doSearchTest -->
        <test-method is-config="true" signature="getjobsInformationTest(java.lang.reflect.Method)[pri:0, instance:com.qa.LinkedInJob.tests.JobsSearchPageTest@6ed3ccb2]" started-at="2026-07-04T14:24:00 GST" name="getjobsInformationTest" finished-at="2026-07-04T14:26:46 GST" duration-ms="165940" status="PASS">
          <params>
            <param index="0">
              <value>
                <![CDATA[public void com.qa.LinkedInJob.tests.JobsSearchPageTest.doSearchTest(java.lang.String,java.lang.String)]]>
              </value>
            </param>
          </params>
          <reporter-output>
          </reporter-output>
        </test-method> <!-- getjobsInformationTest -->
        <test-method signature="doSearchTest(java.lang.String,java.lang.String)[pri:0, instance:com.qa.LinkedInJob.tests.JobsSearchPageTest@6ed3ccb2]" started-at="2026-07-04T14:26:46 GST" name="doSearchTest" data-provider="getJobDataFromSheet" finished-at="2026-07-04T14:26:49 GST" depends-on-methods="com.qa.LinkedInJob.tests.JobsSearchPageTest.TBD" duration-ms="2965" status="PASS">
          <params>
            <param index="0">
              <value>
                <![CDATA[Software Test Engineer]]>
              </value>
            </param>
            <param index="1">
              <value>
                <![CDATA[United Arab Emirates]]>
              </value>
            </param>
          </params>
          <reporter-output>
          </reporter-output>
        </test-method> <!-- doSearchTest -->
        <test-method is-config="true" signature="getjobsInformationTest(java.lang.reflect.Method)[pri:0, instance:com.qa.LinkedInJob.tests.JobsSearchPageTest@6ed3ccb2]" started-at="2026-07-04T14:26:49 GST" name="getjobsInformationTest" finished-at="2026-07-04T14:27:43 GST" duration-ms="54640" status="PASS">
          <params>
            <param index="0">
              <value>
                <![CDATA[public void com.qa.LinkedInJob.tests.JobsSearchPageTest.doSearchTest(java.lang.String,java.lang.String)]]>
              </value>
            </param>
          </params>
          <reporter-output>
          </reporter-output>
        </test-method> <!-- getjobsInformationTest -->
        <test-method signature="TBDExcel()[pri:0, instance:com.qa.LinkedInJob.tests.JobsSearchPageTest@6ed3ccb2]" started-at="2026-07-04T14:27:43 GST" name="TBDExcel" finished-at="2026-07-04T14:27:45 GST" depends-on-methods="com.qa.LinkedInJob.tests.JobsSearchPageTest.doSearchTest" duration-ms="2091" status="PASS">
          <reporter-output>
          </reporter-output>
        </test-method> <!-- TBDExcel -->
        <test-method is-config="true" signature="getjobsInformationTest(java.lang.reflect.Method)[pri:0, instance:com.qa.LinkedInJob.tests.JobsSearchPageTest@6ed3ccb2]" started-at="2026-07-04T14:27:45 GST" name="getjobsInformationTest" finished-at="2026-07-04T14:27:45 GST" duration-ms="1" status="PASS">
          <params>
            <param index="0">
              <value>
                <![CDATA[public void com.qa.LinkedInJob.tests.JobsSearchPageTest.TBDExcel()]]>
              </value>
            </param>
          </params>
          <reporter-output>
          </reporter-output>
        </test-method> <!-- getjobsInformationTest -->
        <test-method is-config="true" signature="tearDown()[pri:0, instance:com.qa.LinkedInJob.tests.JobsSearchPageTest@6ed3ccb2]" started-at="2026-07-04T14:27:49 GST" name="tearDown" finished-at="2026-07-04T14:27:49 GST" duration-ms="0" status="PASS">
          <reporter-output>
          </reporter-output>
        </test-method> <!-- tearDown -->
      </class> <!-- com.qa.LinkedInJob.tests.JobsSearchPageTest -->
      <class name="com.qa.LinkedInJob.tests.JobEmailAlertTest">
        <test-method signature="TestTBD()[pri:0, instance:com.qa.LinkedInJob.tests.JobEmailAlertTest@7c6908d7]" started-at="2026-07-04T14:27:45 GST" name="TestTBD" depends-on-groups="extractLastJobs" finished-at="2026-07-04T14:27:49 GST" duration-ms="3272" status="PASS">
          <reporter-output>
          </reporter-output>
        </test-method> <!-- TestTBD -->
      </class> <!-- com.qa.LinkedInJob.tests.JobEmailAlertTest -->
    </test> <!-- JobsSearchPageTest -->
  </suite> <!-- Suite -->
</testng-results>
