<?xml version="1.0" encoding="UTF-8"?>
<!-- Generated by org.testng.reporters.JUnitReportReporter -->
<testsuite hostname="DESKTOP-4F1QV6P" failures="0" tests="5" name="com.qa.LinkedInJob.tests.JobsSearchPageTest" time="308.206" errors="0" timestamp="2026-07-04T19:00:39 GST" skipped="0">
  <testcase classname="com.qa.LinkedInJob.tests.JobsSearchPageTest" name="getJobsSearchPageUrlTest" time="1.852"/>
  <testcase classname="com.qa.LinkedInJob.tests.JobsSearchPageTest" name="doSearchTest" time="189.133"/>
  <testcase classname="com.qa.LinkedInJob.tests.JobsSearchPageTest" name="TBD" time="88.771"/>
  <testcase classname="com.qa.LinkedInJob.tests.JobsSearchPageTest" name="TBDExcel" time="2.191"/>
  <testcase classname="com.qa.LinkedInJob.tests.JobsSearchPageTest" name="doSearchTest" time="26.259"/>
</testsuite> <!-- com.qa.LinkedInJob.tests.JobsSearchPageTest -->
