<?xml version="1.0" encoding="UTF-8"?>
<!-- Generated by org.testng.reporters.JUnitReportReporter -->
<testsuite hostname="DESKTOP-4F1QV6P" failures="0" tests="5" name="com.qa.LinkedInJob.tests.JobsSearchPageTest" time="240.738" errors="0" timestamp="2026-07-04T14:27:49 GST" skipped="0">
  <testcase classname="com.qa.LinkedInJob.tests.JobsSearchPageTest" name="getJobsSearchPageUrlTest" time="55.040"/>
  <testcase classname="com.qa.LinkedInJob.tests.JobsSearchPageTest" name="doSearchTest" time="2.966"/>
  <testcase classname="com.qa.LinkedInJob.tests.JobsSearchPageTest" name="doSearchTest" time="4.970"/>
  <testcase classname="com.qa.LinkedInJob.tests.JobsSearchPageTest" name="TBDExcel" time="168.031"/>
  <testcase classname="com.qa.LinkedInJob.tests.JobsSearchPageTest" name="TBD" time="9.731"/>
</testsuite> <!-- com.qa.LinkedInJob.tests.JobsSearchPageTest -->
